2025-04-02 09:59:30,004 - VCraft-BG77 - CRITICAL - 'AUTO' does not match 'VF'
2025-04-02 10:09:31,723 - VCraft-BG77 - DEBUG - Config successfully validated
2025-04-02 10:09:31,934 - VCraft-BG77 - DEBUG - AT+CFUN=0 OK +CREG: 0
2025-04-02 10:09:32,149 - VCraft-BG77 - DEBUG - AT+QCFG="iotopmode",0,1 OK
2025-04-02 10:09:32,351 - VCraft-BG77 - DEBUG - AT+QCFG="band",0,0x80084,0x80084,1 OK
2025-04-02 10:09:32,552 - VCraft-BG77 - DEBUG - AT+CFUN=1
2025-04-02 10:09:32,965 - VCraft-BG77 - DEBUG - OK +CPIN: READY +QUSIM: 1 +CREG: 2
2025-04-02 10:09:33,179 - VCraft-BG77 - DEBUG - AT+CGDCONT=1,"IP","lpwa.vodafone.iot" OK +QIND: SMS DONE
2025-04-02 10:09:33,381 - VCraft-BG77 - DEBUG - AT+COPS=0 OK
2025-04-02 10:09:33,582 - VCraft-BG77 - DEBUG - AT+CGATT? +CGATT: 0 OK
2025-04-02 10:09:34,301 - VCraft-BG77 - DEBUG - AT+CGATT? +CGATT: 0 OK
2025-04-02 10:09:35,008 - VCraft-BG77 - DEBUG - AT+CGATT? +CGATT: 0 OK
2025-04-02 10:09:35,722 - VCraft-BG77 - DEBUG - AT+CGATT? +CGATT: 0 OK
2025-04-02 10:09:36,432 - VCraft-BG77 - DEBUG - AT+CGATT? +CGATT: 0 OK
2025-04-02 10:09:37,142 - VCraft-BG77 - DEBUG - AT+CGATT? +CGATT: 0 OK
2025-04-02 10:09:37,855 - VCraft-BG77 - DEBUG - AT+CGATT? +CGATT: 0 OK
2025-04-02 10:09:38,566 - VCraft-BG77 - DEBUG - AT+CGATT? +CGATT: 0 OK
2025-04-02 10:09:39,279 - VCraft-BG77 - DEBUG - AT+CGATT? +CGATT: 0 OK
2025-04-02 10:09:39,995 - VCraft-BG77 - DEBUG - AT+CGATT? +CGATT: 0 OK
2025-04-02 10:09:40,707 - VCraft-BG77 - DEBUG - AT+CGATT? +CGATT: 0 OK
2025-04-02 10:09:41,422 - VCraft-BG77 - DEBUG - AT+CGATT? +CGATT: 0 OK
2025-04-02 10:09:42,135 - VCraft-BG77 - DEBUG - AT+CGATT? +CGATT: 0 OK
2025-04-02 10:09:42,836 - VCraft-BG77 - DEBUG - AT+CGATT? +CGATT: 0 OK
2025-04-02 10:09:43,548 - VCraft-BG77 - DEBUG - AT+CGATT? +CGATT: 0 OK
2025-04-02 10:09:44,261 - VCraft-BG77 - DEBUG - AT+CGATT? +CGATT: 0 OK
2025-04-02 10:09:44,970 - VCraft-BG77 - DEBUG - AT+CGATT? +CGATT: 0 OK
2025-04-02 10:09:45,680 - VCraft-BG77 - DEBUG - AT+CGATT? +CGATT: 0 OK
2025-04-02 10:09:46,387 - VCraft-BG77 - DEBUG - AT+CGATT? +CGATT: 0 OK
2025-04-02 10:09:47,095 - VCraft-BG77 - DEBUG - AT+CGATT? +CGATT: 0 OK
2025-04-02 10:09:47,804 - VCraft-BG77 - DEBUG - AT+CGATT? +CGATT: 0 OK
2025-04-02 10:09:48,511 - VCraft-BG77 - DEBUG - AT+CGATT? +CGATT: 0 OK
2025-04-02 10:09:49,218 - VCraft-BG77 - DEBUG - AT+CGATT? +CGATT: 0 OK
2025-04-02 10:09:49,929 - VCraft-BG77 - DEBUG - AT+CGATT? +CGATT: 0 OK
2025-04-02 10:09:50,641 - VCraft-BG77 - DEBUG - AT+CGATT? +CGATT: 0 OK
2025-04-02 10:09:51,350 - VCraft-BG77 - DEBUG - AT+CGATT? +CGATT: 0 OK
2025-04-02 10:09:52,060 - VCraft-BG77 - DEBUG - AT+CGATT? +CGATT: 0 OK
2025-04-02 10:09:52,774 - VCraft-BG77 - DEBUG - AT+CGATT? +CGATT: 0 OK
2025-04-02 10:09:53,484 - VCraft-BG77 - DEBUG - AT+CGATT? +CGATT: 0 OK
2025-04-02 10:09:54,186 - VCraft-BG77 - DEBUG - AT+CGATT? +CGATT: 0 OK
2025-04-02 10:09:54,901 - VCraft-BG77 - DEBUG - AT+CGATT? +CGATT: 0 OK
2025-04-02 10:09:55,616 - VCraft-BG77 - DEBUG - AT+CGATT? +CGATT: 0 OK
2025-04-02 10:09:56,329 - VCraft-BG77 - DEBUG - AT+CGATT? +CGATT: 0 OK
2025-04-02 10:09:57,040 - VCraft-BG77 - DEBUG - AT+CGATT? +CGATT: 0 OK
2025-04-02 10:09:57,750 - VCraft-BG77 - DEBUG - AT+CGATT? +CGATT: 0 OK
2025-04-02 10:09:58,462 - VCraft-BG77 - DEBUG - AT+CGATT? +CGATT: 0 OK
2025-04-02 10:09:59,169 - VCraft-BG77 - DEBUG - AT+CGATT? +CGATT: 0 OK
2025-04-02 10:09:59,879 - VCraft-BG77 - DEBUG - AT+CGATT? +CGATT: 0 OK
2025-04-02 10:10:00,594 - VCraft-BG77 - DEBUG - +CREG: 5 +CTZE: "+08",1,"2025/04/02,08:10:00" AT+CGATT? +CGATT: 1 OK
2025-04-02 10:12:00,413 - VCraft-BG77 - DEBUG - Config successfully validated
2025-04-02 10:12:00,614 - VCraft-BG77 - DEBUG - AT+COPS?' ERROR
2025-04-02 10:14:49,441 - VCraft-BG77 - DEBUG - Config successfully validated
2025-04-02 10:14:49,648 - VCraft-BG77 - DEBUG - AT+COPS?' ERROR
2025-04-02 10:16:22,835 - VCraft-BG77 - DEBUG - Config successfully validated
2025-04-02 10:16:23,050 - VCraft-BG77 - DEBUG - AT+COPS?' ERROR
2025-04-02 10:17:13,647 - VCraft-BG77 - DEBUG - Config successfully validated
2025-04-02 10:17:13,851 - VCraft-BG77 - DEBUG - AT+COPS?' ERROR
2025-04-02 10:18:03,750 - VCraft-BG77 - DEBUG - Config successfully validated
2025-04-02 10:18:03,951 - VCraft-BG77 - DEBUG - AT+COPS? +COPS: 0,0,"Vodafone CZ",8 OK
2025-04-02 10:30:47,365 - VCraft-BG77 - CRITICAL - Wrong keys 'CmdTimeout', 'RegTimeout' in {'Port': 'COM12', 'BaudRate': 115200, 'APN': 'lpwa.vodafone.iot', 'Band': ['B20', 'B8', 'B3'], 'Tech': 'LTEM', 'PLMN': 'AUTO', 'RegTimeout': 300, 'CmdTimeout': 10, 'Logging': {'file': './Logs/logs.log', 'level': 'debug'}}
2025-04-02 10:31:53,941 - VCraft-BG77 - DEBUG - Config successfully validated
2025-04-02 10:31:54,150 - VCraft-BG77 - DEBUG - AT+COPS? +COPS: 0,0,"Vodafone CZ",8 OK
2025-04-02 10:40:05,525 - VCraft-BG77 - DEBUG - Config successfully validated
2025-04-02 10:40:05,728 - VCraft-BG77 - DEBUG - AT+COPS? +COPS: 0,0,"Vodafone CZ",8 OK
2025-04-02 10:40:19,788 - VCraft-BG77 - DEBUG - Config successfully validated
2025-04-02 10:40:20,000 - VCraft-BG77 - DEBUG - AT+COPS=?
2025-04-02 10:40:35,432 - VCraft-BG77 - DEBUG - +COPS: (1,"T-Mobile CZ","TMO CZ","23001",8),(2,"Vodafone CZ","Vodafone","23003",8),,(0,1,2,3,4),(0,1,2) OK
2025-04-02 10:40:47,163 - VCraft-BG77 - DEBUG - Config successfully validated
2025-04-02 10:40:47,376 - VCraft-BG77 - DEBUG - AT+COPS=?
2025-04-02 10:40:48,179 - VCraft-BG77 - DEBUG - +COPS: (1,"T-Mobile CZ","TMO CZ","23001",8),(2,"Vodafone CZ","Vodafone","23003",8),,(0,1,2,3,4),(0,1,2) OK
2025-04-02 10:45:45,837 - VCraft-BG77 - DEBUG - Config successfully validated
2025-04-02 10:45:46,050 - VCraft-BG77 - DEBUG - AT+COPS=?
2025-04-02 10:45:48,085 - VCraft-BG77 - ERROR - NO RESPONSE TO CDM: AT+COPS=?

2025-04-02 10:47:13,453 - VCraft-BG77 - DEBUG - Config successfully validated
2025-04-02 10:47:13,664 - VCraft-BG77 - DEBUG - AT+COPS=?
2025-04-02 10:47:14,469 - VCraft-BG77 - DEBUG - +COPS: (1,"T-Mobile CZ","TMO CZ","23001",8),(2,"Vodafone CZ","Vodafone","23003",8),,(0,1,2,3,4),(0,1,2) OK
2025-04-02 10:51:19,955 - VCraft-BG77 - DEBUG - Config successfully validated
2025-04-02 10:51:20,162 - VCraft-BG77 - DEBUG - AT+COPS=?
2025-04-02 10:51:22,196 - VCraft-BG77 - ERROR - CMD TIMEOUT
2025-04-02 10:51:35,626 - VCraft-BG77 - DEBUG - Config successfully validated
2025-04-02 10:51:36,241 - VCraft-BG77 - DEBUG - +COPS: (1,"T-Mobile CZ","TMO CZ","23001",8),(2,"Vodafone CZ","Vodafone","23003",8),,(0,1,2,3,4),(0,1,2) OK
2025-04-02 10:52:12,002 - VCraft-BG77 - DEBUG - Config successfully validated
2025-04-02 10:52:38,745 - VCraft-BG77 - DEBUG - Config successfully validated
2025-04-02 10:52:38,955 - VCraft-BG77 - DEBUG - AT+COPS=?
2025-04-02 10:52:39,772 - VCraft-BG77 - DEBUG - +COPS: (1,"T-Mobile CZ","TMO CZ","23001",8),(2,"Vodafone CZ","Vodafone","23003",8),,(0,1,2,3,4),(0,1,2) OK
2025-04-02 10:54:21,344 - VCraft-BG77 - DEBUG - Config successfully validated
2025-04-02 10:55:18,049 - VCraft-BG77 - DEBUG - Config successfully validated
2025-04-02 10:55:34,622 - VCraft-BG77 - DEBUG - Config successfully validated
2025-04-02 10:55:34,824 - VCraft-BG77 - DEBUG - AT+COPS=?
2025-04-02 10:55:35,655 - VCraft-BG77 - DEBUG - +COPS: (2,"Vodafone CZ","Vodafone","23003",8),(1,"T-Mobile CZ","TMO CZ","23001",8),,(0,1,2,3,4),(0,1,2) OK
2025-04-02 10:55:56,711 - VCraft-BG77 - DEBUG - Config successfully validated
2025-04-02 10:55:56,916 - VCraft-BG77 - DEBUG - AT+COPS=?
2025-04-02 10:55:57,721 - VCraft-BG77 - DEBUG - +COPS: (1,"T-Mobile CZ","TMO CZ","23001",8),(2,"Vodafone CZ","Vodafone","23003",8),,(0,1,2,3,4),(0,1,2) OK
